<?xml version="1.0" encoding="UTF-8"?>
<!-- Generated by org.testng.reporters.JUnitReportReporter -->
<testsuite hostname="AVJaya" failures="0" tests="1" name="com.envision.ui.automation.runner.TestNGRunner_Smoke" time="7.573" errors="0" timestamp="2023-11-25T18:42:21 IST" skipped="0">
  <testcase classname="com.envision.ui.automation.runner.TestNGRunner_Smoke" name="runScenario" time="7.573"/>
</testsuite> <!-- com.envision.ui.automation.runner.TestNGRunner_Smoke -->
